D:\VSTEST\NETCTRL\NETCTRL\RELEASE\BASE.OBJ
D:\vstest\NetCtrl\NetCtrl\Release\cl.command.1.tlog
D:\vstest\NetCtrl\NetCtrl\Release\CL.read.1.tlog
D:\vstest\NetCtrl\NetCtrl\Release\CL.write.1.tlog
D:\VSTEST\NETCTRL\NETCTRL\RELEASE\DEVICE.OBJ
D:\VSTEST\NETCTRL\NETCTRL\RELEASE\DEVMGR.OBJ
D:\vstest\NetCtrl\NetCtrl\Release\link.command.1.tlog
D:\vstest\NetCtrl\NetCtrl\Release\link.read.1.tlog
D:\vstest\NetCtrl\NetCtrl\Release\link.write.1.tlog
D:\VSTEST\NETCTRL\NETCTRL\RELEASE\LOG.OBJ
D:\vstest\NetCtrl\NetCtrl\Release\mt.command.1.tlog
D:\vstest\NetCtrl\NetCtrl\Release\mt.read.1.tlog
D:\vstest\NetCtrl\NetCtrl\Release\mt.write.1.tlog
D:\VSTEST\NETCTRL\NETCTRL\RELEASE\NETCTRL.EXE.INTERMEDIATE.MANIFEST
D:\VSTEST\NETCTRL\NETCTRL\RELEASE\NETCTRL.OBJ
D:\VSTEST\NETCTRL\NETCTRL\RELEASE\NETCTRL.PCH
D:\VSTEST\NETCTRL\NETCTRL\RELEASE\PEER.OBJ
D:\VSTEST\NETCTRL\NETCTRL\RELEASE\PROTOCOL.OBJ
D:\VSTEST\NETCTRL\NETCTRL\RELEASE\QUEUE.OBJ
D:\VSTEST\NETCTRL\NETCTRL\RELEASE\STDAFX.OBJ
D:\VSTEST\NETCTRL\NETCTRL\RELEASE\UDPSERVER.OBJ
D:\VSTEST\NETCTRL\NETCTRL\RELEASE\USER.OBJ
D:\VSTEST\NETCTRL\NETCTRL\RELEASE\USERMGR.OBJ
D:\VSTEST\NETCTRL\NETCTRL\RELEASE\UTIL.OBJ
D:\VSTEST\NETCTRL\NETCTRL\RELEASE\VC100.PDB
D:\VSTEST\NETCTRL\RELEASE\NETCTRL.EXE
D:\VSTEST\NETCTRL\RELEASE\NETCTRL.PDB
